<?xml version="1.0" encoding="UTF-8"?>
<!-- Generated by org.testng.reporters.JUnitXMLReporter -->
<testsuite hostname="Mantu-PC" ignored="0" name="Command line test" tests="3" failures="0" timestamp="28 May 2020 13:07:31 GMT" time="0.045" errors="0">
  <testcase name="test1Test" time="0.007" classname="com.qa.tests.LoginTest"/>
  <testcase name="test2Test" time="0.0" classname="com.qa.tests.LoginTest"/>
  <testcase name="test3Test" time="0.0" classname="com.qa.tests.LoginTest"/>
</testsuite> <!-- Command line test -->
