<?xml version="1.0" encoding="UTF-8"?>
<!-- Generated by org.testng.reporters.JUnitXMLReporter -->
<testsuite hostname="Mantu-PC" name="Default test" tests="3" failures="0" timestamp="6 Nov 2019 02:49:10 GMT" time="0.026" errors="0">
  <testcase name="test1Test" time="0.01" classname="com.qa.tests.LoginTest"/>
  <testcase name="test2Test" time="0.0" classname="com.qa.tests.LoginTest"/>
  <testcase name="test3Test" time="0.001" classname="com.qa.tests.LoginTest"/>
</testsuite> <!-- Default test -->
