<?xml version="1.0" encoding="UTF-8"?>
<testng-results skipped="0" failed="0" ignored="0" total="3" passed="3">
  <reporter-output>
  </reporter-output>
  <suite name="com.qa.tests.LoginTest" duration-ms="45" started-at="2020-05-28T13:07:31Z" finished-at="2020-05-28T13:07:31Z">
    <groups>
    </groups>
    <test name="Command line test" duration-ms="45" started-at="2020-05-28T13:07:31Z" finished-at="2020-05-28T13:07:31Z">
      <class name="com.qa.tests.LoginTest">
        <test-method status="PASS" signature="test1Test()[pri:0, instance:com.qa.tests.LoginTest@17f6480]" name="test1Test" duration-ms="7" started-at="2020-05-28T13:07:31Z" finished-at="2020-05-28T13:07:31Z">
          <reporter-output>
          </reporter-output>
        </test-method> <!-- test1Test -->
        <test-method status="PASS" signature="test2Test()[pri:0, instance:com.qa.tests.LoginTest@17f6480]" name="test2Test" duration-ms="0" started-at="2020-05-28T13:07:31Z" finished-at="2020-05-28T13:07:31Z">
          <reporter-output>
          </reporter-output>
        </test-method> <!-- test2Test -->
        <test-method status="PASS" signature="test3Test()[pri:0, instance:com.qa.tests.LoginTest@17f6480]" name="test3Test" duration-ms="0" started-at="2020-05-28T13:07:31Z" finished-at="2020-05-28T13:07:31Z">
          <reporter-output>
          </reporter-output>
        </test-method> <!-- test3Test -->
      </class> <!-- com.qa.tests.LoginTest -->
    </test> <!-- Command line test -->
  </suite> <!-- com.qa.tests.LoginTest -->
</testng-results>
