<?xml version="1.0" encoding="UTF-8"?>
<testng-results skipped="0" failed="0" total="3" passed="3">
  <reporter-output>
  </reporter-output>
  <suite name="Default suite" duration-ms="26" started-at="2019-11-06T02:49:09Z" finished-at="2019-11-06T02:49:09Z">
    <groups>
    </groups>
    <test name="Default test" duration-ms="26" started-at="2019-11-06T02:49:09Z" finished-at="2019-11-06T02:49:09Z">
      <class name="com.qa.tests.LoginTest">
        <test-method status="PASS" signature="test1Test()[pri:0, instance:com.qa.tests.LoginTest@2b80d80f]" name="test1Test" duration-ms="10" started-at="2019-11-06T08:19:09Z" finished-at="2019-11-06T08:19:09Z">
          <reporter-output>
          </reporter-output>
        </test-method> <!-- test1Test -->
        <test-method status="PASS" signature="test2Test()[pri:0, instance:com.qa.tests.LoginTest@2b80d80f]" name="test2Test" duration-ms="0" started-at="2019-11-06T08:19:09Z" finished-at="2019-11-06T08:19:09Z">
          <reporter-output>
          </reporter-output>
        </test-method> <!-- test2Test -->
        <test-method status="PASS" signature="test3Test()[pri:0, instance:com.qa.tests.LoginTest@2b80d80f]" name="test3Test" duration-ms="1" started-at="2019-11-06T08:19:09Z" finished-at="2019-11-06T08:19:09Z">
          <reporter-output>
          </reporter-output>
        </test-method> <!-- test3Test -->
      </class> <!-- com.qa.tests.LoginTest -->
    </test> <!-- Default test -->
  </suite> <!-- Default suite -->
</testng-results>
